2025-08-12 15:40:05,735 - main.database.database_manager - INFO - 已连接到MySQL数据库: localhost:3306/gabale
2025-08-12 15:40:05,735 - __main__ - INFO - 开始定时采集所有平台
2025-08-12 15:40:05,735 - __main__ - INFO - 开始采集平台 weibo
2025-08-12 15:40:05,738 - urllib3.connectionpool - DEBUG - Starting new HTTPS connection (1): api.rebang.today:443
2025-08-12 15:40:05,966 - urllib3.connectionpool - DEBUG - https://api.rebang.today:443 "GET /v1/items?tab=weibo&sub_tab=search&version=2&t=1754984405736 HTTP/1.1" 200 None
2025-08-12 15:40:05,968 - __main__ - INFO - 平台 weibo 找到 50 条原始数据
2025-08-12 15:40:05,970 - __main__ - INFO - 平台 weibo 解析出 50 个有效话题
2025-08-12 15:40:06,006 - __main__ - INFO - 平台 weibo 完成: 成功保存 0 条
2025-08-12 15:40:09,524 - __main__ - INFO - 开始采集平台 zhihu
2025-08-12 15:40:09,613 - urllib3.connectionpool - DEBUG - https://api.rebang.today:443 "GET /v1/items?tab=zhihu&date_type=now&page=1&version=1&t=1754984409524 HTTP/1.1" 200 None
2025-08-12 15:40:09,614 - __main__ - INFO - 平台 zhihu 找到 30 条原始数据
2025-08-12 15:40:09,615 - __main__ - INFO - 平台 zhihu 解析出 30 个有效话题
2025-08-12 15:40:09,638 - __main__ - INFO - 平台 zhihu 完成: 成功保存 0 条
2025-08-12 15:40:11,684 - __main__ - INFO - 开始采集平台 douyin
2025-08-12 15:40:12,041 - urllib3.connectionpool - DEBUG - https://api.rebang.today:443 "GET /v1/items?tab=douyin&date_type=now&page=1&version=1&t=1754984411684 HTTP/1.1" 200 None
2025-08-12 15:40:12,042 - __main__ - INFO - 平台 douyin 找到 20 条原始数据
2025-08-12 15:40:12,043 - __main__ - INFO - 平台 douyin 解析出 20 个有效话题
2025-08-12 15:40:12,059 - __main__ - INFO - 平台 douyin 完成: 成功保存 0 条
2025-08-12 15:40:16,357 - __main__ - INFO - 开始采集平台 toutiao
2025-08-12 15:40:16,424 - urllib3.connectionpool - DEBUG - https://api.rebang.today:443 "GET /v1/items?tab=toutiao&date_type=now&page=1&version=1&t=1754984416357 HTTP/1.1" 200 None
2025-08-12 15:40:16,425 - __main__ - INFO - 平台 toutiao 找到 50 条原始数据
2025-08-12 15:40:16,425 - __main__ - INFO - 平台 toutiao 解析出 50 个有效话题
2025-08-12 15:40:16,461 - __main__ - INFO - 平台 toutiao 完成: 成功保存 0 条
2025-08-12 15:40:20,472 - __main__ - INFO - 开始采集平台 baidu
2025-08-12 15:40:20,539 - urllib3.connectionpool - DEBUG - https://api.rebang.today:443 "GET /v1/items?tab=baidu-tieba&sub_tab=topic&page=1&version=1&t=1754984420472 HTTP/1.1" 200 None
2025-08-12 15:40:20,542 - __main__ - INFO - 平台 baidu 找到 30 条原始数据
2025-08-12 15:40:20,542 - __main__ - INFO - 平台 baidu 解析出 30 个有效话题
2025-08-12 15:40:20,567 - __main__ - INFO - 平台 baidu 完成: 成功保存 0 条
2025-08-12 15:40:24,861 - __main__ - INFO - 开始采集平台 bilibili
2025-08-12 15:40:24,980 - urllib3.connectionpool - DEBUG - https://api.rebang.today:443 "GET /v1/items?tab=bilibili&sub_tab=popular&date_type=now&page=1&version=1&t=1754984424861 HTTP/1.1" 200 None
2025-08-12 15:40:24,981 - __main__ - INFO - 平台 bilibili 找到 20 条原始数据
2025-08-12 15:40:24,982 - __main__ - INFO - 平台 bilibili 解析出 20 个有效话题
2025-08-12 15:40:24,998 - __main__ - INFO - 平台 bilibili 完成: 成功保存 0 条
2025-08-12 15:40:27,169 - __main__ - INFO - 开始采集平台 xiaohongshu
2025-08-12 15:40:27,233 - urllib3.connectionpool - DEBUG - https://api.rebang.today:443 "GET /v1/items?tab=xiaohongshu&sub_tab=hot-search&page=1&version=1&t=1754984427170 HTTP/1.1" 200 None
2025-08-12 15:40:27,235 - __main__ - INFO - 平台 xiaohongshu 找到 20 条原始数据
2025-08-12 15:40:27,235 - __main__ - INFO - 平台 xiaohongshu 解析出 20 个有效话题
2025-08-12 15:40:27,251 - __main__ - INFO - 平台 xiaohongshu 完成: 成功保存 0 条
